<?xml version="1.0" encoding="UTF-8"?>
<!-- Generated by org.testng.reporters.JUnitReportReporter -->
<testsuite skipped="0" hostname="DESKTOP-1U9BG9Q" name="Runner.TestRunner" tests="12" failures="0" timestamp="2022-04-24T22:15:41 EET" time="267.493" errors="0">
  <testcase name="runScenario" time="7.780" classname="Runner.TestRunner"/>
  <system-out/>
  <testcase name="runScenario" time="21.338" classname="Runner.TestRunner"/>
  <system-out/>
  <testcase name="runScenario" time="16.957" classname="Runner.TestRunner"/>
  <system-out/>
  <testcase name="runScenario" time="12.965" classname="Runner.TestRunner"/>
  <system-out/>
  <testcase name="runScenario" time="85.271" classname="Runner.TestRunner"/>
  <system-out/>
  <testcase name="runScenario" time="18.994" classname="Runner.TestRunner"/>
  <system-out/>
  <testcase name="runScenario" time="11.751" classname="Runner.TestRunner"/>
  <system-out/>
  <testcase name="runScenario" time="7.416" classname="Runner.TestRunner"/>
  <system-out/>
  <testcase name="runScenario" time="26.740" classname="Runner.TestRunner"/>
  <system-out/>
  <testcase name="runScenario" time="30.958" classname="Runner.TestRunner"/>
  <system-out/>
  <testcase name="runScenario" time="12.148" classname="Runner.TestRunner"/>
  <system-out/>
  <testcase name="runScenario" time="15.175" classname="Runner.TestRunner"/>
  <system-out/>
</testsuite> <!-- Runner.TestRunner -->
